[0.077s] Invoking command in '/home/loye/Desktop/Projects/ROS-100-Days-Coding-Challenge/Week 3/06. Turtle Pub & Sub/ros2_ws/build/pkg_cpp_py': CMAKE_PREFIX_PATH=/opt/ros/foxy /usr/bin/cmake --build /home/loye/Desktop/Projects/ROS-100-Days-Coding-Challenge/Week 3/06. Turtle Pub & Sub/ros2_ws/build/pkg_cpp_py -- -j4 -l4
[0.221s] -- Found ament_cmake: 0.9.9 (/opt/ros/foxy/share/ament_cmake/cmake)
[0.280s] -- Using PYTHON_EXECUTABLE: /usr/bin/python3
[0.754s] -- Found rclcpp: 2.4.1 (/opt/ros/foxy/share/rclcpp/cmake)
[0.875s] -- Using all available rosidl_typesupport_c: rosidl_typesupport_fastrtps_c;rosidl_typesupport_introspection_c
[0.890s] -- Found rosidl_adapter: 1.2.1 (/opt/ros/foxy/share/rosidl_adapter/cmake)
[1.304s] -- Using all available rosidl_typesupport_cpp: rosidl_typesupport_fastrtps_cpp;rosidl_typesupport_introspection_cpp
[1.507s] -- Found rmw_implementation_cmake: 1.0.3 (/opt/ros/foxy/share/rmw_implementation_cmake/cmake)
[1.512s] -- Using RMW implementation 'rmw_fastrtps_cpp' as default
[2.209s] -- Found rclpy: 1.0.8 (/opt/ros/foxy/share/rclpy/cmake)
[2.210s] -- Found example_interfaces: 0.9.1 (/opt/ros/foxy/share/example_interfaces/cmake)
[2.758s] -- Found geometry_msgs: 2.0.5 (/opt/ros/foxy/share/geometry_msgs/cmake)
[2.935s] -- Found turtlesim: 1.2.5 (/opt/ros/foxy/share/turtlesim/cmake)
[3.388s] -- Configuring done
[3.464s] -- Generating done
[3.472s] -- Build files have been written to: /home/loye/Desktop/Projects/ROS-100-Days-Coding-Challenge/Week 3/06. Turtle Pub & Sub/ros2_ws/build/pkg_cpp_py
[3.533s] [35m[1mScanning dependencies of target turtle_controller[0m
[3.605s] [ 33%] Built target draw_circle
[3.645s] [ 66%] Built target talker
[3.669s] [ 83%] [32mBuilding CXX object CMakeFiles/turtle_controller.dir/src/turtle_controller.cpp.o[0m
[4.039s] [01m[K/home/loye/Desktop/Projects/ROS-100-Days-Coding-Challenge/Week 3/06. Turtle Pub & Sub/ros2_ws/src/pkg_cpp_py/src/turtle_controller.cpp:2:10:[m[K [01;31m[Kfatal error: [m[Kturtle_controller.hpp: No such file or directory
[4.039s]     2 | #include [01;31m[K"turtle_controller.hpp"[m[K
[4.039s]       |          [01;31m[K^~~~~~~~~~~~~~~~~~~~~~~[m[K
[4.039s] compilation terminated.
[4.045s] make[2]: *** [CMakeFiles/turtle_controller.dir/build.make:63: CMakeFiles/turtle_controller.dir/src/turtle_controller.cpp.o] Error 1
[4.053s] make[1]: *** [CMakeFiles/Makefile2:82: CMakeFiles/turtle_controller.dir/all] Error 2
[4.053s] make: *** [Makefile:141: all] Error 2
[4.054s] Invoked command in '/home/loye/Desktop/Projects/ROS-100-Days-Coding-Challenge/Week 3/06. Turtle Pub & Sub/ros2_ws/build/pkg_cpp_py' returned '2': CMAKE_PREFIX_PATH=/opt/ros/foxy /usr/bin/cmake --build /home/loye/Desktop/Projects/ROS-100-Days-Coding-Challenge/Week 3/06. Turtle Pub & Sub/ros2_ws/build/pkg_cpp_py -- -j4 -l4
