-- Found ament_cmake: 0.9.9 (/opt/ros/foxy/share/ament_cmake/cmake)
-- Using PYTHON_EXECUTABLE: /usr/bin/python3
-- Found rclcpp: 2.4.1 (/opt/ros/foxy/share/rclcpp/cmake)
-- Using all available rosidl_typesupport_c: rosidl_typesupport_fastrtps_c;rosidl_typesupport_introspection_c
-- Found rosidl_adapter: 1.2.1 (/opt/ros/foxy/share/rosidl_adapter/cmake)
-- Using all available rosidl_typesupport_cpp: rosidl_typesupport_fastrtps_cpp;rosidl_typesupport_introspection_cpp
-- Found rmw_implementation_cmake: 1.0.3 (/opt/ros/foxy/share/rmw_implementation_cmake/cmake)
-- Using RMW implementation 'rmw_fastrtps_cpp' as default
-- Found example_interfaces: 0.9.1 (/opt/ros/foxy/share/example_interfaces/cmake)
-- Configuring done
-- Generating done
-- Build files have been written to: /home/loye/Desktop/Projects/ROS-100-Days-Coding-Challenge/Week 3/07. Exercises/1. Number Counter/ros2_ws/build/pkg_cpp
[35m[1mScanning dependencies of target number_counter[0m
[ 50%] Built target number_publisher
[ 75%] [32mBuilding CXX object CMakeFiles/number_counter.dir/src/number_counter.cpp.o[0m
[01m[K/home/loye/Desktop/Projects/ROS-100-Days-Coding-Challenge/Week 3/07. Exercises/1. Number Counter/ros2_ws/src/pkg_cpp/src/number_counter.cpp:[m[K In constructor â€˜[01m[KNumberCounter::NumberCounter()[m[Kâ€™:
[01m[K/home/loye/Desktop/Projects/ROS-100-Days-Coding-Challenge/Week 3/07. Exercises/1. Number Counter/ros2_ws/src/pkg_cpp/src/number_counter.cpp:13:143:[m[K [01;31m[Kerror: [m[Kno matching function for call to â€˜[01m[KNumberCounter::create_subscription<example_interfaces::msg::Int64>(const char [7], std::_Bind_helper<false, void (NumberCounter::*)(example_interfaces::msg::Int64_<std::allocator<void> >), NumberCounter*, const std::_Placeholder<1>&>::type)[m[Kâ€™
   13 | ::Int64>("number", std::bind(&NumberCounter::number_callback, this, _1)[01;31m[K)[m[K;
      |                                                                        [01;31m[K^[m[K

In file included from [01m[K/opt/ros/foxy/include/rclcpp/executors/single_threaded_executor.hpp:28[m[K,
                 from [01m[K/opt/ros/foxy/include/rclcpp/executors.hpp:22[m[K,
                 from [01m[K/opt/ros/foxy/include/rclcpp/rclcpp.hpp:146[m[K,
                 from [01m[K/home/loye/Desktop/Projects/ROS-100-Days-Coding-Challenge/Week 3/07. Exercises/1. Number Counter/ros2_ws/src/pkg_cpp/src/number_counter.cpp:1[m[K:
[01m[K/opt/ros/foxy/include/rclcpp/node.hpp:213:3:[m[K [01;36m[Knote: [m[Kcandidate: â€˜[01m[Ktemplate<class MessageT, class CallbackT, class AllocatorT, class CallbackMessageT, class SubscriptionT, class MessageMemoryStrategyT> std::shared_ptr<SubscriptionT> rclcpp::Node::create_subscription(const string&, const rclcpp::QoS&, CallbackT&&, const rclcpp::SubscriptionOptionsWithAllocator<AllocatorT>&, typename MessageMemoryStrategyT::SharedPtr)[m[Kâ€™
  213 |   [01;36m[Kcreate_subscription[m[K(
      |   [01;36m[K^~~~~~~~~~~~~~~~~~~[m[K
[01m[K/opt/ros/foxy/include/rclcpp/node.hpp:213:3:[m[K [01;36m[Knote: [m[K  template argument deduction/substitution failed:
[01m[K/home/loye/Desktop/Projects/ROS-100-Days-Coding-Challenge/Week 3/07. Exercises/1. Number Counter/ros2_ws/src/pkg_cpp/src/number_counter.cpp:13:143:[m[K [01;36m[Knote: [m[K  candidate expects 5 arguments, 2 provided
   13 | ::Int64>("number", std::bind(&NumberCounter::number_callback, this, _1)[01;36m[K)[m[K;
      |                                                                        [01;36m[K^[m[K

make[2]: *** [CMakeFiles/number_counter.dir/build.make:63: CMakeFiles/number_counter.dir/src/number_counter.cpp.o] Error 1
make[1]: *** [CMakeFiles/Makefile2:107: CMakeFiles/number_counter.dir/all] Error 2
make: *** [Makefile:141: all] Error 2
