[01m[K/home/loye/Desktop/Projects/ROS-100-Days-Coding-Challenge/Week 5/4. LED indicator/ros2_ws/src/led_indicator/src/led_node.cpp:[m[K In constructor â€˜[01m[KLED::LED()[m[Kâ€™:
[01m[K/home/loye/Desktop/Projects/ROS-100-Days-Coding-Challenge/Week 5/4. LED indicator/ros2_ws/src/led_indicator/src/led_node.cpp:11:125:[m[K [01;31m[Kerror: [m[Kâ€˜[01m[KcheckBattteryStatus[m[Kâ€™ is not a member of â€˜[01m[KLED[m[Kâ€™
   11 | rface::msg::BatteryState>("/battery_state", 10, std::bind(&LED::[01;31m[KcheckBattteryStatus[m[K, this, _1));
      |                                                                 [01;31m[K^~~~~~~~~~~~~~~~~~~[m[K

[01m[K/home/loye/Desktop/Projects/ROS-100-Days-Coding-Challenge/Week 5/4. LED indicator/ros2_ws/src/led_indicator/src/led_node.cpp:13:5:[m[K [01;31m[Kerror: [m[Kexpected â€˜[01m[K;[m[Kâ€™ before â€˜[01m[K}[m[Kâ€™ token
   13 |     [01;31m[K}[m[K
      |     [01;31m[K^[m[K
make[2]: *** [CMakeFiles/led_node.dir/build.make:63: CMakeFiles/led_node.dir/src/led_node.cpp.o] Error 1
make[1]: *** [CMakeFiles/Makefile2:80: CMakeFiles/led_node.dir/all] Error 2
make: *** [Makefile:141: all] Error 2
