[35m[1mScanning dependencies of target linear[0m
[ 12%] [32m[1mLinking CXX executable rotation[0m
[ 25%] [32m[1mLinking CXX executable spiral[0m
[ 50%] Built target goto_goal
[ 62%] [32mBuilding CXX object CMakeFiles/linear.dir/src/linear.cpp.o[0m
/usr/bin/ld: /usr/lib/gcc/x86_64-linux-gnu/10/../../../x86_64-linux-gnu/Scrt1.o: in function `_start':
(.text+0x24): undefined reference to `main'
collect2: error: ld returned 1 exit status
make[2]: *** [CMakeFiles/rotation.dir/build.make:151: rotation] Error 1
make[1]: *** [CMakeFiles/Makefile2:138: CMakeFiles/rotation.dir/all] Error 2
make[1]: *** Waiting for unfinished jobs....
/usr/bin/ld: /usr/lib/gcc/x86_64-linux-gnu/10/../../../x86_64-linux-gnu/Scrt1.o: in function `_start':
(.text+0x24): undefined reference to `main'
collect2: error: ld returned 1 exit status
make[2]: *** [CMakeFiles/spiral.dir/build.make:151: spiral] Error 1
make[1]: *** [CMakeFiles/Makefile2:84: CMakeFiles/spiral.dir/all] Error 2
[01m[K/home/loye/Desktop/Projects/ROS-100-Days-Coding-Challenge/Week 6/3. Motion type/ros2_ws/src/motion_types/src/linear.cpp:[m[K In constructor â€˜[01m[KMoveLinearly::MoveLinearly()[m[Kâ€™:
[01m[K/home/loye/Desktop/Projects/ROS-100-Days-Coding-Challenge/Week 6/3. Motion type/ros2_ws/src/motion_types/src/linear.cpp:17:77:[m[K [01;31m[Kerror: [m[Kâ€˜[01m[K$MoveLinearly[m[Kâ€™ has not been declared
   17 |         timer_ = this->create_wall_timer(std::chrono::seconds(1), std::bind([01;31m[K$MoveLinearly[m[K::move_linear, this));
      |                                                                             [01;31m[K^~~~~~~~~~~~~[m[K
make[2]: *** [CMakeFiles/linear.dir/build.make:63: CMakeFiles/linear.dir/src/linear.cpp.o] Error 1
make[1]: *** [CMakeFiles/Makefile2:165: CMakeFiles/linear.dir/all] Error 2
make: *** [Makefile:141: all] Error 2
