[01m[K/home/loye/Desktop/Projects/ROS-100-Days-Coding-Challenge/Week 6/3. Motion type/ros2_ws/src/motion_types/src/goto_goal.cpp:[m[K In member function â€˜[01m[Kvoid GoToGoal::goto_goal()[m[Kâ€™:
[01m[K/home/loye/Desktop/Projects/ROS-100-Days-Coding-Challenge/Week 6/3. Motion type/ros2_ws/src/motion_types/src/goto_goal.cpp:73:29:[m[K [01;31m[Kerror: [m[Kexpected â€˜[01m[K;[m[Kâ€™ before â€˜[01m[K}[m[Kâ€™ token
   73 |             timer_->cancel()
      |                             [01;31m[K^[m[K
      |                             [32m[K;[m[K
   74 |         [32m[K}[m[K
      |         [32m[K~[m[K                    
make[2]: *** [CMakeFiles/goto_goal.dir/build.make:63: CMakeFiles/goto_goal.dir/src/goto_goal.cpp.o] Error 1
make[1]: *** [CMakeFiles/Makefile2:111: CMakeFiles/goto_goal.dir/all] Error 2
make: *** [Makefile:141: all] Error 2
