[0.046s] Invoking command in '/home/loye/Desktop/Projects/ROS-100-Days-Coding-Challenge/Week 6/2. Actions/ros2_ws/build/action_pkg': CMAKE_PREFIX_PATH=${CMAKE_PREFIX_PATH}:/home/loye/turtlebot3_ws/install/turtlebot3_teleop:/home/loye/turtlebot3_ws/install/turtlebot3_example:/opt/ros/foxy /usr/bin/cmake --build /home/loye/Desktop/Projects/ROS-100-Days-Coding-Challenge/Week 6/2. Actions/ros2_ws/build/action_pkg -- -j4 -l4
[0.202s] [35m[1mScanning dependencies of target move_action_client[0m
[0.248s] [  2%] Built target action_pkg__cpp
[0.272s] [ 11%] Built target action_pkg__rosidl_generator_c
[0.306s] [ 14%] [32mBuilding CXX object CMakeFiles/move_action_client.dir/src/move_action_client.cpp.o[0m
[0.331s] [ 22%] Built target action_pkg__rosidl_typesupport_introspection_cpp
[0.334s] [ 28%] Built target move_action_server
[0.354s] [ 37%] Built target action_pkg__rosidl_typesupport_fastrtps_cpp
[0.412s] [ 45%] Built target action_pkg__rosidl_typesupport_cpp
[0.437s] [ 54%] Built target action_pkg__rosidl_typesupport_c
[0.437s] [ 62%] Built target action_pkg__rosidl_typesupport_introspection_c
[0.512s] [ 71%] Built target action_pkg__rosidl_typesupport_fastrtps_c
[0.581s] [ 71%] Built target action_pkg
[0.642s] [ 74%] Built target action_pkg__py
[0.727s] [ 80%] Built target action_pkg__python
[0.845s] [ 85%] Built target action_pkg__rosidl_typesupport_c__pyext
[0.857s] [ 91%] Built target action_pkg__rosidl_typesupport_fastrtps_c__pyext
[0.865s] [ 97%] Built target action_pkg__rosidl_typesupport_introspection_c__pyext
[3.539s] [01m[K/home/loye/Desktop/Projects/ROS-100-Days-Coding-Challenge/Week 6/2. Actions/ros2_ws/src/action_pkg/src/move_action_client.cpp:[m[K In member function â€˜[01m[Kvoid MoveActionClient::send_goal()[m[Kâ€™:
[3.539s] [01m[K/home/loye/Desktop/Projects/ROS-100-Days-Coding-Challenge/Week 6/2. Actions/ros2_ws/src/action_pkg/src/move_action_client.cpp:38:80:[m[K [01;31m[Kerror: [m[Kinvalid use of non-static member function â€˜[01m[Kvoid MoveActionClient::goal_response_callback(std::shared_future<std::shared_ptr<rclcpp_action::ClientGoalHandle<action_pkg::action::Move> > >)[m[Kâ€™
[3.539s]    38 | send_goal_options.goal_response_callback = std::bind([01;31m[KMoveActionClient::goal_response_callback[m[K, this,_1);
[3.540s]       |                                                      [01;31m[K~~~~~~~~~~~~~~~~~~^~~~~~~~~~~~~~~~~~~~~~[m[K
[3.540s] 
[3.540s] [01m[K/home/loye/Desktop/Projects/ROS-100-Days-Coding-Challenge/Week 6/2. Actions/ros2_ws/src/action_pkg/src/move_action_client.cpp:46:10:[m[K [01;36m[Knote: [m[Kdeclared here
[3.540s]    46 |     void [01;36m[Kgoal_response_callback[m[K(std::shared_future<GoalHandleMove::SharedPtr> future)
[3.540s]       |          [01;36m[K^~~~~~~~~~~~~~~~~~~~~~[m[K
[3.540s] [01m[K/home/loye/Desktop/Projects/ROS-100-Days-Coding-Challenge/Week 6/2. Actions/ros2_ws/src/action_pkg/src/move_action_client.cpp:39:75:[m[K [01;31m[Kerror: [m[Kinvalid use of non-static member function â€˜[01m[Kvoid MoveActionClient::feedback_callback(rclcpp_action::ClientGoalHandle<action_pkg::action::Move>::SharedPtr, std::shared_ptr<const action_pkg::action::Move_Feedback_<std::allocator<void> > >)[m[Kâ€™
[3.541s]    39 |      send_goal_options.feedback_callback = std::bind([01;31m[KMoveActionClient::feedback_callback[m[K, this,_1,_2);
[3.541s]       |                                                      [01;31m[K~~~~~~~~~~~~~~~~~~^~~~~~~~~~~~~~~~~[m[K
[3.541s] 
[3.541s] [01m[K/home/loye/Desktop/Projects/ROS-100-Days-Coding-Challenge/Week 6/2. Actions/ros2_ws/src/action_pkg/src/move_action_client.cpp:55:10:[m[K [01;36m[Knote: [m[Kdeclared here
[3.541s]    55 |     void [01;36m[Kfeedback_callback[m[K(GoalHandleMove::SharedPtr, const std::shared_ptr<const Move::Feedback> feedback)
[3.542s]       |          [01;36m[K^~~~~~~~~~~~~~~~~[m[K
[3.542s] [01m[K/home/loye/Desktop/Projects/ROS-100-Days-Coding-Challenge/Week 6/2. Actions/ros2_ws/src/action_pkg/src/move_action_client.cpp:40:73:[m[K [01;31m[Kerror: [m[Kinvalid use of non-static member function â€˜[01m[Kvoid MoveActionClient::result_callback(const WrappedResult&)[m[Kâ€™
[3.542s]    40 |        send_goal_options.result_callback = std::bind([01;31m[KMoveActionClient::result_callback[m[K, this,_1);
[3.542s]       |                                                      [01;31m[K~~~~~~~~~~~~~~~~~~^~~~~~~~~~~~~~~[m[K
[3.542s] 
[3.542s] [01m[K/home/loye/Desktop/Projects/ROS-100-Days-Coding-Challenge/Week 6/2. Actions/ros2_ws/src/action_pkg/src/move_action_client.cpp:60:10:[m[K [01;36m[Knote: [m[Kdeclared here
[3.543s]    60 |     void [01;36m[Kresult_callback[m[K(const GoalHandleMove::WrappedResult &result)
[3.543s]       |          [01;36m[K^~~~~~~~~~~~~~~[m[K
[5.664s] make[2]: *** [CMakeFiles/move_action_client.dir/build.make:63: CMakeFiles/move_action_client.dir/src/move_action_client.cpp.o] Error 1
[5.665s] make[1]: *** [CMakeFiles/Makefile2:125: CMakeFiles/move_action_client.dir/all] Error 2
[5.665s] make: *** [Makefile:141: all] Error 2
[5.671s] Invoked command in '/home/loye/Desktop/Projects/ROS-100-Days-Coding-Challenge/Week 6/2. Actions/ros2_ws/build/action_pkg' returned '2': CMAKE_PREFIX_PATH=${CMAKE_PREFIX_PATH}:/home/loye/turtlebot3_ws/install/turtlebot3_teleop:/home/loye/turtlebot3_ws/install/turtlebot3_example:/opt/ros/foxy /usr/bin/cmake --build /home/loye/Desktop/Projects/ROS-100-Days-Coding-Challenge/Week 6/2. Actions/ros2_ws/build/action_pkg -- -j4 -l4
