[0.047s] Invoking command in '/home/loye/Desktop/Projects/ROS-100-Days-Coding-Challenge/Week 5/4. LED indicator/ros2_ws/build/led_indicator': AMENT_PREFIX_PATH=/home/loye/Desktop/Projects/ROS-100-Days-Coding-Challenge/Week 5/4. LED indicator/ros2_ws/install/battery_interface:${AMENT_PREFIX_PATH} CMAKE_PREFIX_PATH=/home/loye/Desktop/Projects/ROS-100-Days-Coding-Challenge/Week 5/4. LED indicator/ros2_ws/install/battery_interface:/opt/ros/foxy LD_LIBRARY_PATH=/home/loye/Desktop/Projects/ROS-100-Days-Coding-Challenge/Week 5/4. LED indicator/ros2_ws/install/battery_interface/lib:${LD_LIBRARY_PATH} PYTHONPATH=/home/loye/Desktop/Projects/ROS-100-Days-Coding-Challenge/Week 5/4. LED indicator/ros2_ws/install/battery_interface/lib/python3.8/site-packages:${PYTHONPATH} /usr/bin/cmake --build /home/loye/Desktop/Projects/ROS-100-Days-Coding-Challenge/Week 5/4. LED indicator/ros2_ws/build/led_indicator -- -j4 -l4
[0.198s] [35m[1mScanning dependencies of target led_node[0m
[0.289s] [ 50%] Built target battery_node
[0.322s] [ 75%] [32mBuilding CXX object CMakeFiles/led_node.dir/src/led_node.cpp.o[0m
[3.318s] [01m[K/home/loye/Desktop/Projects/ROS-100-Days-Coding-Challenge/Week 5/4. LED indicator/ros2_ws/src/led_indicator/src/led_node.cpp:[m[K In constructor â€˜[01m[KLED::LED()[m[Kâ€™:
[3.319s] [01m[K/home/loye/Desktop/Projects/ROS-100-Days-Coding-Challenge/Week 5/4. LED indicator/ros2_ws/src/led_indicator/src/led_node.cpp:11:125:[m[K [01;31m[Kerror: [m[Kâ€˜[01m[KcheckBattteryStatus[m[Kâ€™ is not a member of â€˜[01m[KLED[m[Kâ€™
[3.319s]    11 | rface::msg::BatteryState>("/battery_state", 10, std::bind(&LED::[01;31m[KcheckBattteryStatus[m[K, this, _1));
[3.320s]       |                                                                 [01;31m[K^~~~~~~~~~~~~~~~~~~[m[K
[3.320s] 
[4.459s] make[2]: *** [CMakeFiles/led_node.dir/build.make:63: CMakeFiles/led_node.dir/src/led_node.cpp.o] Error 1
[4.459s] make[1]: *** [CMakeFiles/Makefile2:80: CMakeFiles/led_node.dir/all] Error 2
[4.459s] make: *** [Makefile:141: all] Error 2
[4.463s] Invoked command in '/home/loye/Desktop/Projects/ROS-100-Days-Coding-Challenge/Week 5/4. LED indicator/ros2_ws/build/led_indicator' returned '2': AMENT_PREFIX_PATH=/home/loye/Desktop/Projects/ROS-100-Days-Coding-Challenge/Week 5/4. LED indicator/ros2_ws/install/battery_interface:${AMENT_PREFIX_PATH} CMAKE_PREFIX_PATH=/home/loye/Desktop/Projects/ROS-100-Days-Coding-Challenge/Week 5/4. LED indicator/ros2_ws/install/battery_interface:/opt/ros/foxy LD_LIBRARY_PATH=/home/loye/Desktop/Projects/ROS-100-Days-Coding-Challenge/Week 5/4. LED indicator/ros2_ws/install/battery_interface/lib:${LD_LIBRARY_PATH} PYTHONPATH=/home/loye/Desktop/Projects/ROS-100-Days-Coding-Challenge/Week 5/4. LED indicator/ros2_ws/install/battery_interface/lib/python3.8/site-packages:${PYTHONPATH} /usr/bin/cmake --build /home/loye/Desktop/Projects/ROS-100-Days-Coding-Challenge/Week 5/4. LED indicator/ros2_ws/build/led_indicator -- -j4 -l4
