[01m[K/home/loye/Desktop/Projects/ROS-100-Days-Coding-Challenge/Week 6/3. Motion type/ros2_ws/src/motion_types/src/spiral.cpp:[m[K In constructor â€˜[01m[KSpiralMotion::SpiralMotion()[m[Kâ€™:
[01m[K/home/loye/Desktop/Projects/ROS-100-Days-Coding-Challenge/Week 6/3. Motion type/ros2_ws/src/motion_types/src/spiral.cpp:21:5:[m[K [01;31m[Kerror: [m[Kexpected â€˜[01m[K;[m[Kâ€™ before â€˜[01m[K}[m[Kâ€™ token
   21 |     [01;31m[K}[m[K
      |     [01;31m[K^[m[K
make[2]: *** [CMakeFiles/spiral.dir/build.make:63: CMakeFiles/spiral.dir/src/spiral.cpp.o] Error 1
make[1]: *** [CMakeFiles/Makefile2:84: CMakeFiles/spiral.dir/all] Error 2
make: *** [Makefile:141: all] Error 2
