[0.049s] Invoking command in '/home/loye/Desktop/Projects/ROS-100-Days-Coding-Challenge/Week 6/3. Motion type/ros2_ws/build/motion_types': CMAKE_PREFIX_PATH=${CMAKE_PREFIX_PATH}:/home/loye/turtlebot3_ws/install/turtlebot3_teleop:/home/loye/turtlebot3_ws/install/turtlebot3_example:/opt/ros/foxy /usr/bin/cmake --build /home/loye/Desktop/Projects/ROS-100-Days-Coding-Challenge/Week 6/3. Motion type/ros2_ws/build/motion_types -- -j4 -l4
[0.181s] [35m[1mScanning dependencies of target spiral[0m
[0.278s] [ 12%] [32mBuilding CXX object CMakeFiles/spiral.dir/src/spiral.cpp.o[0m
[3.329s] [01m[K/home/loye/Desktop/Projects/ROS-100-Days-Coding-Challenge/Week 6/3. Motion type/ros2_ws/src/motion_types/src/spiral.cpp:[m[K In constructor â€˜[01m[KSpiralMotion::SpiralMotion()[m[Kâ€™:
[3.329s] [01m[K/home/loye/Desktop/Projects/ROS-100-Days-Coding-Challenge/Week 6/3. Motion type/ros2_ws/src/motion_types/src/spiral.cpp:21:5:[m[K [01;31m[Kerror: [m[Kexpected â€˜[01m[K;[m[Kâ€™ before â€˜[01m[K}[m[Kâ€™ token
[3.330s]    21 |     [01;31m[K}[m[K
[3.330s]       |     [01;31m[K^[m[K
[7.279s] make[2]: *** [CMakeFiles/spiral.dir/build.make:63: CMakeFiles/spiral.dir/src/spiral.cpp.o] Error 1
[7.279s] make[1]: *** [CMakeFiles/Makefile2:84: CMakeFiles/spiral.dir/all] Error 2
[7.280s] make: *** [Makefile:141: all] Error 2
[7.286s] Invoked command in '/home/loye/Desktop/Projects/ROS-100-Days-Coding-Challenge/Week 6/3. Motion type/ros2_ws/build/motion_types' returned '2': CMAKE_PREFIX_PATH=${CMAKE_PREFIX_PATH}:/home/loye/turtlebot3_ws/install/turtlebot3_teleop:/home/loye/turtlebot3_ws/install/turtlebot3_example:/opt/ros/foxy /usr/bin/cmake --build /home/loye/Desktop/Projects/ROS-100-Days-Coding-Challenge/Week 6/3. Motion type/ros2_ws/build/motion_types -- -j4 -l4
